app/build/intermediates/manifest_merge_blame_file/debug/manifest-merger-blame-debug-report.txt
1<?xml version="1.0" encoding="utf-8"?>
2<manifest xmlns:android="http://schemas.android.com/apk/res/android"
3    package="uit.ensak.dish_wish_frontend"
4    android:versionCode="1"
5    android:versionName="1.0" >
6
7    <uses-sdk
8        android:minSdkVersion="24"
9        android:targetSdkVersion="34" />
10
11    <uses-permission android:name="android.permission.INTERNET" />
11-->src\main\AndroidManifest.xml:5:5-67
11-->src\main\AndroidManifest.xml:5:22-64
12    <uses-permission android:name="android.permission.ACCESS_NETWORK_STATE" />
12-->src\main\AndroidManifest.xml:6:5-79
12-->src\main\AndroidManifest.xml:6:22-76
13    <uses-permission android:name="android.permission.READ_EXTERNAL_STORAGE" />
13-->src\main\AndroidManifest.xml:7:5-80
13-->src\main\AndroidManifest.xml:7:22-77
14    <uses-permission android:name="android.permission.ACCESS_FINE_LOCATION" />
14-->src\main\AndroidManifest.xml:8:5-79
14-->src\main\AndroidManifest.xml:8:22-76
15    <uses-permission android:name="android.permission.ACCESS_COARSE_LOCATION" />
15-->src\main\AndroidManifest.xml:9:5-81
15-->src\main\AndroidManifest.xml:9:22-78
16    <uses-permission android:name="android.permission.ACCESS_BACKGROUND_LOCATION" />
16-->src\main\AndroidManifest.xml:10:5-85
16-->src\main\AndroidManifest.xml:10:22-82
17
18    <uses-feature
18-->[com.google.android.gms:play-services-maps:18.0.0] AndroidManifest.xml:26:5-28:35
19        android:glEsVersion="0x00020000"
19-->[com.google.android.gms:play-services-maps:18.0.0] AndroidManifest.xml:27:9-41
20        android:required="true" />
20-->[com.google.android.gms:play-services-maps:18.0.0] AndroidManifest.xml:28:9-32
21
22    <queries>
22-->[com.google.android.gms:play-services-maps:18.0.0] AndroidManifest.xml:30:5-34:15
23
24        <!-- Needs to be explicitly declared on Android R+ -->
25        <package android:name="com.google.android.apps.maps" />
25-->[com.google.android.gms:play-services-maps:18.0.0] AndroidManifest.xml:33:9-64
25-->[com.google.android.gms:play-services-maps:18.0.0] AndroidManifest.xml:33:18-61
26    </queries>
27
28    <permission
28-->[androidx.core:core:1.9.0] AndroidManifest.xml:22:5-24:47
29        android:name="uit.ensak.dish_wish_frontend.DYNAMIC_RECEIVER_NOT_EXPORTED_PERMISSION"
29-->[androidx.core:core:1.9.0] AndroidManifest.xml:23:9-81
30        android:protectionLevel="signature" />
30-->[androidx.core:core:1.9.0] AndroidManifest.xml:24:9-44
31
32    <uses-permission android:name="uit.ensak.dish_wish_frontend.DYNAMIC_RECEIVER_NOT_EXPORTED_PERMISSION" />
32-->[androidx.core:core:1.9.0] AndroidManifest.xml:26:5-97
32-->[androidx.core:core:1.9.0] AndroidManifest.xml:26:22-94
33
34    <application
34-->src\main\AndroidManifest.xml:12:5-91:19
35        android:allowBackup="true"
35-->src\main\AndroidManifest.xml:13:9-35
36        android:appComponentFactory="androidx.core.app.CoreComponentFactory"
36-->[androidx.core:core:1.9.0] AndroidManifest.xml:28:18-86
37        android:dataExtractionRules="@xml/data_extraction_rules"
37-->src\main\AndroidManifest.xml:14:9-65
38        android:debuggable="true"
39        android:extractNativeLibs="false"
40        android:fullBackupContent="@xml/backup_rules"
40-->src\main\AndroidManifest.xml:15:9-54
41        android:icon="@mipmap/ic_launcher_foreground"
41-->src\main\AndroidManifest.xml:16:9-54
42        android:label="@string/app_name"
42-->src\main\AndroidManifest.xml:17:9-41
43        android:roundIcon="@mipmap/ic_launcher_foreground"
43-->src\main\AndroidManifest.xml:18:9-59
44        android:supportsRtl="true"
44-->src\main\AndroidManifest.xml:19:9-35
45        android:testOnly="true"
46        android:theme="@style/Theme.Dishwishfrontend"
46-->src\main\AndroidManifest.xml:20:9-54
47        android:usesCleartextTraffic="true" >
47-->src\main\AndroidManifest.xml:21:9-44
48        <activity
48-->src\main\AndroidManifest.xml:23:9-25:40
49            android:name="uit.ensak.dish_wish_frontend.connect"
49-->src\main\AndroidManifest.xml:24:13-36
50            android:exported="false" />
50-->src\main\AndroidManifest.xml:25:13-37
51        <activity
51-->src\main\AndroidManifest.xml:26:9-28:40
52            android:name="uit.ensak.dish_wish_frontend.terms"
52-->src\main\AndroidManifest.xml:27:13-34
53            android:exported="false" />
53-->src\main\AndroidManifest.xml:28:13-37
54        <activity
54-->src\main\AndroidManifest.xml:29:9-31:40
55            android:name="uit.ensak.dish_wish_frontend.createAcciunt"
55-->src\main\AndroidManifest.xml:30:13-42
56            android:exported="false" />
56-->src\main\AndroidManifest.xml:31:13-37
57        <activity
57-->src\main\AndroidManifest.xml:32:9-34:40
58            android:name="uit.ensak.dish_wish_frontend.MainActivity"
58-->src\main\AndroidManifest.xml:33:13-41
59            android:exported="false" />
59-->src\main\AndroidManifest.xml:34:13-37
60        <activity
60-->src\main\AndroidManifest.xml:35:9-37:40
61            android:name="uit.ensak.dish_wish_frontend.view_profile"
61-->src\main\AndroidManifest.xml:36:13-41
62            android:exported="false" />
62-->src\main\AndroidManifest.xml:37:13-37
63        <!--
64             TODO: Before you run your application, you need a Google Maps API key.
65
66             To get one, follow the directions here:
67
68                https://developers.google.com/maps/documentation/android-sdk/get-api-key
69
70             Once you have your API key (it starts with "AIza"), define a new property in your
71             project's local.properties file (e.g. MAPS_API_KEY=Aiza...), and replace the
72             "YOUR_API_KEY" string in this file with "${MAPS_API_KEY}".
73        -->
74        <meta-data
74-->src\main\AndroidManifest.xml:49:9-51:71
75            android:name="com.google.android.geo.API_KEY"
75-->src\main\AndroidManifest.xml:50:13-58
76            android:value="AIzaSyBg391xSsnzo4MMW2r6su_K3TESamD1vVI" />
76-->src\main\AndroidManifest.xml:51:13-68
77        <meta-data
77-->src\main\AndroidManifest.xml:52:9-54:57
78            android:name="preloaded_fonts"
78-->src\main\AndroidManifest.xml:53:13-43
79            android:resource="@array/preloaded_fonts" />
79-->src\main\AndroidManifest.xml:54:13-54
80
81        <activity
81-->src\main\AndroidManifest.xml:56:9-58:40
82            android:name="uit.ensak.dish_wish_frontend.become_cook"
82-->src\main\AndroidManifest.xml:57:13-40
83            android:exported="false" />
83-->src\main\AndroidManifest.xml:58:13-37
84        <activity
84-->src\main\AndroidManifest.xml:59:9-69:20
85            android:name="uit.ensak.dish_wish_frontend.page_acceuil"
85-->src\main\AndroidManifest.xml:60:13-41
86            android:exported="true"
86-->src\main\AndroidManifest.xml:61:13-36
87            android:label="@string/app_name"
87-->src\main\AndroidManifest.xml:62:13-45
88            android:theme="@style/Theme.Dishwishfrontend.NoActionBar" >
88-->src\main\AndroidManifest.xml:63:13-70
89            <intent-filter>
89-->src\main\AndroidManifest.xml:64:13-68:29
90                <action android:name="android.intent.action.MAIN" />
90-->src\main\AndroidManifest.xml:65:17-69
90-->src\main\AndroidManifest.xml:65:25-66
91
92                <category android:name="android.intent.category.LAUNCHER" />
92-->src\main\AndroidManifest.xml:67:17-77
92-->src\main\AndroidManifest.xml:67:27-74
93            </intent-filter>
94        </activity>
95        <activity
95-->src\main\AndroidManifest.xml:70:9-72:40
96            android:name="uit.ensak.dish_wish_frontend.history_folder.HistoryActivity"
96-->src\main\AndroidManifest.xml:71:13-59
97            android:exported="false" />
97-->src\main\AndroidManifest.xml:72:13-37
98        <activity
98-->src\main\AndroidManifest.xml:73:9-75:40
99            android:name="uit.ensak.dish_wish_frontend.change_profile"
99-->src\main\AndroidManifest.xml:74:13-43
100            android:exported="false" />
100-->src\main\AndroidManifest.xml:75:13-37
101        <activity
101-->src\main\AndroidManifest.xml:35:9-37:40
102            android:name="uit.ensak.dish_wish_frontend.view_profile"
102-->src\main\AndroidManifest.xml:36:13-41
103            android:exported="false" />
103-->src\main\AndroidManifest.xml:37:13-37
104        <activity
104-->src\main\AndroidManifest.xml:56:9-58:40
105            android:name="uit.ensak.dish_wish_frontend.become_cook"
105-->src\main\AndroidManifest.xml:57:13-40
106            android:exported="false" />
106-->src\main\AndroidManifest.xml:58:13-37
107        <activity
107-->src\main\AndroidManifest.xml:82:9-84:40
108            android:name="uit.ensak.dish_wish_frontend.ProfileActivity"
108-->src\main\AndroidManifest.xml:83:13-44
109            android:exported="false" />
109-->src\main\AndroidManifest.xml:84:13-37
110        <activity
110-->src\main\AndroidManifest.xml:85:9-87:40
111            android:name="uit.ensak.dish_wish_frontend.Command.MapsHomeActivity"
111-->src\main\AndroidManifest.xml:86:13-53
112            android:exported="false" />
112-->src\main\AndroidManifest.xml:87:13-37
113        <activity
113-->src\main\AndroidManifest.xml:32:9-34:40
114            android:name="uit.ensak.dish_wish_frontend.MainActivity"
114-->src\main\AndroidManifest.xml:33:13-41
115            android:exported="false" />
115-->src\main\AndroidManifest.xml:34:13-37
116        <activity
116-->[androidx.compose.ui:ui-tooling:1.4.0] AndroidManifest.xml:23:9-25:39
117            android:name="androidx.compose.ui.tooling.PreviewActivity"
117-->[androidx.compose.ui:ui-tooling:1.4.0] AndroidManifest.xml:24:13-71
118            android:exported="true" />
118-->[androidx.compose.ui:ui-tooling:1.4.0] AndroidManifest.xml:25:13-36
119        <activity
119-->[androidx.compose.ui:ui-test-manifest:1.4.0] AndroidManifest.xml:23:9-25:39
120            android:name="androidx.activity.ComponentActivity"
120-->[androidx.compose.ui:ui-test-manifest:1.4.0] AndroidManifest.xml:24:13-63
121            android:exported="true" /> <!-- Needs to be explicitly declared on P+ -->
121-->[androidx.compose.ui:ui-test-manifest:1.4.0] AndroidManifest.xml:25:13-36
122        <uses-library
122-->[com.google.android.gms:play-services-maps:18.0.0] AndroidManifest.xml:39:9-41:40
123            android:name="org.apache.http.legacy"
123-->[com.google.android.gms:play-services-maps:18.0.0] AndroidManifest.xml:40:13-50
124            android:required="false" />
124-->[com.google.android.gms:play-services-maps:18.0.0] AndroidManifest.xml:41:13-37
125
126        <activity
126-->[com.google.android.gms:play-services-base:18.1.0] AndroidManifest.xml:20:9-22:45
127            android:name="com.google.android.gms.common.api.GoogleApiActivity"
127-->[com.google.android.gms:play-services-base:18.1.0] AndroidManifest.xml:20:19-85
128            android:exported="false"
128-->[com.google.android.gms:play-services-base:18.1.0] AndroidManifest.xml:22:19-43
129            android:theme="@android:style/Theme.Translucent.NoTitleBar" />
129-->[com.google.android.gms:play-services-base:18.1.0] AndroidManifest.xml:21:19-78
130
131        <meta-data
131-->[com.google.android.gms:play-services-basement:18.1.0] AndroidManifest.xml:21:9-23:69
132            android:name="com.google.android.gms.version"
132-->[com.google.android.gms:play-services-basement:18.1.0] AndroidManifest.xml:22:13-58
133            android:value="@integer/google_play_services_version" />
133-->[com.google.android.gms:play-services-basement:18.1.0] AndroidManifest.xml:23:13-66
134
135        <provider
135-->[androidx.emoji2:emoji2:1.3.0] AndroidManifest.xml:24:9-32:20
136            android:name="androidx.startup.InitializationProvider"
136-->[androidx.emoji2:emoji2:1.3.0] AndroidManifest.xml:25:13-67
137            android:authorities="uit.ensak.dish_wish_frontend.androidx-startup"
137-->[androidx.emoji2:emoji2:1.3.0] AndroidManifest.xml:26:13-68
138            android:exported="false" >
138-->[androidx.emoji2:emoji2:1.3.0] AndroidManifest.xml:27:13-37
139            <meta-data
139-->[androidx.emoji2:emoji2:1.3.0] AndroidManifest.xml:29:13-31:52
140                android:name="androidx.emoji2.text.EmojiCompatInitializer"
140-->[androidx.emoji2:emoji2:1.3.0] AndroidManifest.xml:30:17-75
141                android:value="androidx.startup" />
141-->[androidx.emoji2:emoji2:1.3.0] AndroidManifest.xml:31:17-49
142            <meta-data
142-->[androidx.lifecycle:lifecycle-process:2.6.2] AndroidManifest.xml:29:13-31:52
143                android:name="androidx.lifecycle.ProcessLifecycleInitializer"
143-->[androidx.lifecycle:lifecycle-process:2.6.2] AndroidManifest.xml:30:17-78
144                android:value="androidx.startup" />
144-->[androidx.lifecycle:lifecycle-process:2.6.2] AndroidManifest.xml:31:17-49
145            <meta-data
145-->[androidx.profileinstaller:profileinstaller:1.3.0] AndroidManifest.xml:29:13-31:52
146                android:name="androidx.profileinstaller.ProfileInstallerInitializer"
146-->[androidx.profileinstaller:profileinstaller:1.3.0] AndroidManifest.xml:30:17-85
147                android:value="androidx.startup" />
147-->[androidx.profileinstaller:profileinstaller:1.3.0] AndroidManifest.xml:31:17-49
148        </provider>
149
150        <uses-library
150-->[androidx.window:window:1.0.0] AndroidManifest.xml:25:9-27:40
151            android:name="androidx.window.extensions"
151-->[androidx.window:window:1.0.0] AndroidManifest.xml:26:13-54
152            android:required="false" />
152-->[androidx.window:window:1.0.0] AndroidManifest.xml:27:13-37
153        <uses-library
153-->[androidx.window:window:1.0.0] AndroidManifest.xml:28:9-30:40
154            android:name="androidx.window.sidecar"
154-->[androidx.window:window:1.0.0] AndroidManifest.xml:29:13-51
155            android:required="false" />
155-->[androidx.window:window:1.0.0] AndroidManifest.xml:30:13-37
156
157        <receiver
157-->[androidx.profileinstaller:profileinstaller:1.3.0] AndroidManifest.xml:34:9-52:20
158            android:name="androidx.profileinstaller.ProfileInstallReceiver"
158-->[androidx.profileinstaller:profileinstaller:1.3.0] AndroidManifest.xml:35:13-76
159            android:directBootAware="false"
159-->[androidx.profileinstaller:profileinstaller:1.3.0] AndroidManifest.xml:36:13-44
160            android:enabled="true"
160-->[androidx.profileinstaller:profileinstaller:1.3.0] AndroidManifest.xml:37:13-35
161            android:exported="true"
161-->[androidx.profileinstaller:profileinstaller:1.3.0] AndroidManifest.xml:38:13-36
162            android:permission="android.permission.DUMP" >
162-->[androidx.profileinstaller:profileinstaller:1.3.0] AndroidManifest.xml:39:13-57
163            <intent-filter>
163-->[androidx.profileinstaller:profileinstaller:1.3.0] AndroidManifest.xml:40:13-42:29
164                <action android:name="androidx.profileinstaller.action.INSTALL_PROFILE" />
164-->[androidx.profileinstaller:profileinstaller:1.3.0] AndroidManifest.xml:41:17-91
164-->[androidx.profileinstaller:profileinstaller:1.3.0] AndroidManifest.xml:41:25-88
165            </intent-filter>
166            <intent-filter>
166-->[androidx.profileinstaller:profileinstaller:1.3.0] AndroidManifest.xml:43:13-45:29
167                <action android:name="androidx.profileinstaller.action.SKIP_FILE" />
167-->[androidx.profileinstaller:profileinstaller:1.3.0] AndroidManifest.xml:44:17-85
167-->[androidx.profileinstaller:profileinstaller:1.3.0] AndroidManifest.xml:44:25-82
168            </intent-filter>
169            <intent-filter>
169-->[androidx.profileinstaller:profileinstaller:1.3.0] AndroidManifest.xml:46:13-48:29
170                <action android:name="androidx.profileinstaller.action.SAVE_PROFILE" />
170-->[androidx.profileinstaller:profileinstaller:1.3.0] AndroidManifest.xml:47:17-88
170-->[androidx.profileinstaller:profileinstaller:1.3.0] AndroidManifest.xml:47:25-85
171            </intent-filter>
172            <intent-filter>
172-->[androidx.profileinstaller:profileinstaller:1.3.0] AndroidManifest.xml:49:13-51:29
173                <action android:name="androidx.profileinstaller.action.BENCHMARK_OPERATION" />
173-->[androidx.profileinstaller:profileinstaller:1.3.0] AndroidManifest.xml:50:17-95
173-->[androidx.profileinstaller:profileinstaller:1.3.0] AndroidManifest.xml:50:25-92
174            </intent-filter>
175        </receiver>
176    </application>
177
178</manifest>